<?xml version="1.0"?>
<testsuite name="Chrome 87.0.4280.88 (Windows 10)" package="test" timestamp="2021-01-05T09:33:10" id="0" hostname="DESKTOP-N1QRIRB" tests="7" errors="0" failures="0" time="0.055">
  <properties>
    <property name="browser.fullName" value="Mozilla/5.0 (Windows NT 10.0; Win64; x64) AppleWebKit/537.36 (KHTML, like Gecko) Chrome/87.0.4280.88 Safari/537.36"/>
  </properties>
  <testcase name="ChildComponent should create" time="0.029" classname=".ChildComponent"/>
  <testcase name="OtherService should be created" time="0.004" classname=".OtherService"/>
  <testcase name="TestService spy example" time="0.001" classname=".TestService"/>
  <testcase name="TestService Get Observable" time="0.002" classname=".TestService"/>
  <testcase name="AppComponent should create the app" time="0.008" classname=".AppComponent"/>
  <testcase name="AppComponent should have as title 'Testing'" time="0.004" classname=".AppComponent"/>
  <testcase name="MainComponent should create" time="0.007" classname=".MainComponent"/>
  <system-out>
    <![CDATA[Chrome 87.0.4280.88 (Windows 10) ERROR: ''app-child' is not a known element:
1. If 'app-child' is an Angular component, then verify that it is part of this module.
2. If 'app-child' is a Web Component then add 'CUSTOM_ELEMENTS_SCHEMA' to the '@NgModule.schemas' of this component to suppress this message.'

]]>
  </system-out>
  <system-err/>
</testsuite>